<?xml version='1.0' encoding='UTF-8'?>
<testsuite hostname="Srivatsas-MacBook-Air.local" name="wuzzyfuzz.WuzzyFuzzTests" tests="30" errors="0" failures="0" skipped="0" time="0.038" timestamp="2024-11-28T16:17:35">
          <properties>
[...]
</properties>
          <testcase classname="wuzzyfuzz.WuzzyFuzzTests" name="My WuzzyFuzz Language for Homework 1, Homework 2, and Homework 3 should perform fuzzy union correctly" time="0.015">
                      
                    </testcase><testcase classname="wuzzyfuzz.WuzzyFuzzTests" name="My WuzzyFuzz Language for Homework 1, Homework 2, and Homework 3 should perform fuzzy intersection correctly" time="0.0">
                      
                    </testcase><testcase classname="wuzzyfuzz.WuzzyFuzzTests" name="My WuzzyFuzz Language for Homework 1, Homework 2, and Homework 3 should perform fuzzy complement correctly" time="0.001">
                      
                    </testcase><testcase classname="wuzzyfuzz.WuzzyFuzzTests" name="My WuzzyFuzz Language for Homework 1, Homework 2, and Homework 3 should perform fuzzy addition correctly" time="0.0">
                      
                    </testcase><testcase classname="wuzzyfuzz.WuzzyFuzzTests" name="My WuzzyFuzz Language for Homework 1, Homework 2, and Homework 3 should perform fuzzy multiplication correctly" time="0.0">
                      
                    </testcase><testcase classname="wuzzyfuzz.WuzzyFuzzTests" name="My WuzzyFuzz Language for Homework 1, Homework 2, and Homework 3 should perform fuzzy XOR correctly" time="0.001">
                      
                    </testcase><testcase classname="wuzzyfuzz.WuzzyFuzzTests" name="My WuzzyFuzz Language for Homework 1, Homework 2, and Homework 3 should perform alpha cut correctly" time="0.001">
                      
                    </testcase><testcase classname="wuzzyfuzz.WuzzyFuzzTests" name="My WuzzyFuzz Language for Homework 1, Homework 2, and Homework 3 should instantiate classes and inherit variables correctly" time="0.004">
                      
                    </testcase><testcase classname="wuzzyfuzz.WuzzyFuzzTests" name="My WuzzyFuzz Language for Homework 1, Homework 2, and Homework 3 should invoke methods and return the correct values from the derived class" time="0.002">
                      
                    </testcase><testcase classname="wuzzyfuzz.WuzzyFuzzTests" name="My WuzzyFuzz Language for Homework 1, Homework 2, and Homework 3 should correctly resolve variables in nested and outer classes" time="0.001">
                      
                    </testcase><testcase classname="wuzzyfuzz.WuzzyFuzzTests" name="My WuzzyFuzz Language for Homework 1, Homework 2, and Homework 3 should invoke methods in nested classes correctly" time="0.0">
                      
                    </testcase><testcase classname="wuzzyfuzz.WuzzyFuzzTests" name="My WuzzyFuzz Language for Homework 1, Homework 2, and Homework 3 should apply fuzzy gates with scoped variables" time="0.002">
                      
                    </testcase><testcase classname="wuzzyfuzz.WuzzyFuzzTests" name="My WuzzyFuzz Language for Homework 1, Homework 2, and Homework 3 should dynamically dispatch methods from derived class and resolve superclass method if not found in derived class" time="0.001">
                      
                    </testcase><testcase classname="wuzzyfuzz.WuzzyFuzzTests" name="My WuzzyFuzz Language for Homework 1, Homework 2, and Homework 3 should apply alpha cut to method results" time="0.0">
                      
                    </testcase><testcase classname="wuzzyfuzz.WuzzyFuzzTests" name="My WuzzyFuzz Language for Homework 1, Homework 2, and Homework 3 should partially evaluate Union gate correctly" time="0.0">
                      
                    </testcase><testcase classname="wuzzyfuzz.WuzzyFuzzTests" name="My WuzzyFuzz Language for Homework 1, Homework 2, and Homework 3 should partially evaluate Intersection gate correctly" time="0.0">
                      
                    </testcase><testcase classname="wuzzyfuzz.WuzzyFuzzTests" name="My WuzzyFuzz Language for Homework 1, Homework 2, and Homework 3 should partially evaluate Complement gate correctly" time="0.0">
                      
                    </testcase><testcase classname="wuzzyfuzz.WuzzyFuzzTests" name="My WuzzyFuzz Language for Homework 1, Homework 2, and Homework 3 should partially evaluate Addition gate correctly" time="0.0">
                      
                    </testcase><testcase classname="wuzzyfuzz.WuzzyFuzzTests" name="My WuzzyFuzz Language for Homework 1, Homework 2, and Homework 3 should partially evaluate Multiplication gate correctly" time="0.0">
                      
                    </testcase><testcase classname="wuzzyfuzz.WuzzyFuzzTests" name="My WuzzyFuzz Language for Homework 1, Homework 2, and Homework 3 should partially evaluate XOR gate correctly" time="0.0">
                      
                    </testcase><testcase classname="wuzzyfuzz.WuzzyFuzzTests" name="My WuzzyFuzz Language for Homework 1, Homework 2, and Homework 3 should partially evaluate expressions" time="0.002">
                      
                    </testcase><testcase classname="wuzzyfuzz.WuzzyFuzzTests" name="My WuzzyFuzz Language for Homework 1, Homework 2, and Homework 3 should partially evaluate complex expressions" time="0.0">
                      
                    </testcase><testcase classname="wuzzyfuzz.WuzzyFuzzTests" name="My WuzzyFuzz Language for Homework 1, Homework 2, and Homework 3 should fully evaluate expressions when all variables are defined in scope" time="0.001">
                      
                    </testcase><testcase classname="wuzzyfuzz.WuzzyFuzzTests" name="My WuzzyFuzz Language for Homework 1, Homework 2, and Homework 3 should resolve and evaluate fuzzy gates when fully defined" time="0.0">
                      
                    </testcase><testcase classname="wuzzyfuzz.WuzzyFuzzTests" name="My WuzzyFuzz Language for Homework 1, Homework 2, and Homework 3 should evaluate conditional constructs with THEN and ELSE branches" time="0.004">
                      
                    </testcase><testcase classname="wuzzyfuzz.WuzzyFuzzTests" name="My WuzzyFuzz Language for Homework 1, Homework 2, and Homework 3 should partially evaluate conditional constructs" time="0.001">
                      
                    </testcase><testcase classname="wuzzyfuzz.WuzzyFuzzTests" name="My WuzzyFuzz Language for Homework 1, Homework 2, and Homework 3 should test partial evaluation for gates with unresolved inputs" time="0.0">
                      
                    </testcase><testcase classname="wuzzyfuzz.WuzzyFuzzTests" name="My WuzzyFuzz Language for Homework 1, Homework 2, and Homework 3 should handle advanced partial evaluation with simplified nested expressions" time="0.0">
                      
                    </testcase><testcase classname="wuzzyfuzz.WuzzyFuzzTests" name="My WuzzyFuzz Language for Homework 1, Homework 2, and Homework 3 should test fuzzy gate evaluation within a scope" time="0.001">
                      
                    </testcase><testcase classname="wuzzyfuzz.WuzzyFuzzTests" name="My WuzzyFuzz Language for Homework 1, Homework 2, and Homework 3 should partially evaluate conditional expressions when variables are undefined" time="0.001">
                      
                    </testcase>
          <system-out><![CDATA[]]></system-out>
          <system-err><![CDATA[]]></system-err>
        </testsuite>